{
  "RSpec": {
    "coverage": {
      "/workspaces/ProjectRuby/app/models/user.rb": {
        "lines": [
          1,
          1,
          null,
          1,
          null,
          null,
          null,
          1,
          1,
          null,
          1,
          1,
          null,
          1,
          1,
          null,
          null,
          1,
          1,
          null,
          null,
          1,
          7,
          4,
          4,
          4,
          null,
          null,
          null,
          1,
          40,
          null,
          null,
          1,
          52,
          null,
          null,
          1,
          7,
          null
        ]
      },
      "/workspaces/ProjectRuby/app/models/application_record.rb": {
        "lines": [
          1,
          1,
          null
        ]
      },
      "/workspaces/ProjectRuby/app/controllers/application_controller.rb": {
        "lines": [
          1,
          1,
          null,
          1,
          1,
          1,
          null,
          null,
          1,
          null,
          1,
          12,
          null,
          null
        ]
      },
      "/workspaces/ProjectRuby/app/helpers/application_helper.rb": {
        "lines": [
          1,
          null
        ]
      },
      "/workspaces/ProjectRuby/app/admin/bookings.rb": {
        "lines": [
          1,
          1,
          null,
          1,
          0,
          0,
          0,
          0,
          0,
          0,
          0,
          0,
          0,
          null,
          null,
          1,
          1,
          1,
          null,
          1,
          0,
          0,
          0,
          0,
          0,
          0,
          0,
          null,
          0,
          null,
          null,
          1,
          0,
          0,
          null,
          null,
          1,
          0,
          0,
          null,
          null,
          1,
          0,
          null,
          null,
          1,
          0,
          null
        ]
      },
      "/workspaces/ProjectRuby/app/models/booking.rb": {
        "lines": [
          1,
          1,
          null,
          1,
          1,
          null,
          1,
          1,
          1,
          1,
          1,
          null,
          1,
          null,
          1,
          36,
          null,
          36,
          36,
          null,
          null,
          1,
          31,
          31,
          null,
          null,
          1,
          1,
          null,
          null,
          1,
          1,
          null,
          null,
          1,
          10,
          null,
          null,
          1,
          1,
          null,
          null,
          1,
          null,
          1,
          31,
          null,
          29,
          null,
          null,
          1,
          31,
          29,
          null,
          28,
          28,
          null,
          28,
          null,
          null,
          1,
          27,
          null,
          25,
          null
        ]
      },
      "/workspaces/ProjectRuby/app/admin/dashboard.rb": {
        "lines": [
          1,
          1,
          null,
          1,
          0,
          0,
          0,
          0,
          null,
          null,
          null,
          null
        ]
      },
      "/workspaces/ProjectRuby/app/admin/rooms.rb": {
        "lines": [
          1,
          1,
          null,
          1,
          0,
          0,
          0,
          0,
          0,
          0,
          0,
          0,
          null,
          null,
          1,
          1,
          1,
          1,
          null,
          1,
          0,
          0,
          0,
          0,
          0,
          0,
          null,
          0,
          null
        ]
      },
      "/workspaces/ProjectRuby/app/models/room.rb": {
        "lines": [
          1,
          1,
          1,
          null,
          1,
          1,
          1,
          null,
          1,
          1,
          null,
          null,
          1,
          1,
          null,
          null,
          46,
          null,
          1,
          5,
          null,
          null,
          null,
          null,
          1,
          6,
          null
        ]
      },
      "/workspaces/ProjectRuby/app/admin/users.rb": {
        "lines": [
          1,
          1,
          null,
          1,
          0,
          0,
          0,
          0,
          0,
          0,
          0,
          null,
          null,
          1,
          1,
          null,
          1,
          0,
          0,
          0,
          0,
          0,
          null,
          0,
          null,
          null,
          1,
          0,
          0,
          0,
          0,
          0,
          0,
          0,
          0,
          null,
          null
        ]
      },
      "/workspaces/ProjectRuby/app/controllers/home_controller.rb": {
        "lines": [
          1,
          1,
          11,
          null,
          null
        ]
      },
      "/workspaces/ProjectRuby/app/controllers/rooms_controller.rb": {
        "lines": [
          1,
          1,
          8,
          null,
          null,
          1,
          5,
          3,
          null,
          null
        ]
      },
      "/workspaces/ProjectRuby/app/controllers/owner/rooms_controller.rb": {
        "lines": [
          1,
          1,
          1,
          1,
          1,
          null,
          1,
          3,
          null,
          null,
          1,
          3,
          null,
          null,
          1,
          1,
          null,
          null,
          1,
          4,
          4,
          3,
          null,
          1,
          null,
          null,
          null,
          1,
          null,
          1,
          3,
          2,
          null,
          1,
          null,
          null,
          null,
          1,
          1,
          1,
          null,
          null,
          1,
          null,
          1,
          18,
          null,
          null,
          1,
          8,
          null,
          null,
          1,
          7,
          null,
          null,
          null
        ]
      },
      "/workspaces/ProjectRuby/app/controllers/users/omniauth_callbacks_controller.rb": {
        "lines": [
          1,
          1,
          1,
          4,
          null,
          4,
          4,
          4,
          null,
          0,
          0,
          null,
          null,
          null,
          1,
          0,
          null,
          null,
          1,
          null,
          1,
          0,
          null,
          null
        ]
      },
      "/workspaces/ProjectRuby/app/controllers/users/registrations_controller.rb": {
        "lines": [
          1,
          1,
          1,
          null,
          1,
          5,
          null,
          null,
          1,
          0,
          null,
          null
        ]
      },
      "/workspaces/ProjectRuby/app/controllers/bookings_controller.rb": {
        "lines": [
          1,
          1,
          null,
          1,
          4,
          2,
          null,
          null,
          1,
          10,
          10,
          10,
          10,
          null,
          10,
          8,
          null,
          2,
          null,
          null,
          null,
          1,
          null,
          1,
          20,
          null,
          null
        ]
      },
      "/workspaces/ProjectRuby/app/controllers/my_bookings_controller.rb": {
        "lines": [
          1,
          1,
          null,
          1,
          12,
          null,
          null
        ]
      },
      "/workspaces/ProjectRuby/app/mailers/application_mailer.rb": {
        "lines": [
          1,
          1,
          1,
          null
        ]
      },
      "/workspaces/ProjectRuby/app/controllers/github_auth_controller.rb": {
        "lines": [
          1,
          1,
          null
        ]
      },
      "/workspaces/ProjectRuby/app/jobs/application_job.rb": {
        "lines": [
          0,
          null,
          null,
          null,
          null,
          null,
          0
        ],
        "branches": {}
      }
    },
    "timestamp": 1780719258
  }
}
